<?xml version="1.0" encoding="UTF-8"?>
<!-- Generated by org.testng.reporters.JUnitXMLReporter -->
<testsuite ignored="5" hostname="tejal-home" failures="0" tests="0" time="0.27" errors="0" timestamp="2022-02-08T23:57:06 EST">
  <testcase classname="com.SalesForceApp.tests.Login.LoginTest" name="TestCase3_RememberedUsername" time="0.0">
    <ignored/>
  </testcase> <!-- TestCase3_RememberedUsername -->
  <testcase classname="com.SalesForceApp.tests.Login.LoginTest" name="TestCase4B_InvalidUsernamePassword" time="0.0">
    <ignored/>
  </testcase> <!-- TestCase4B_InvalidUsernamePassword -->
  <testcase classname="com.SalesForceApp.tests.Login.LoginTest" name="TestCase2_ValidUsernamePassword" time="0.0">
    <ignored/>
  </testcase> <!-- TestCase2_ValidUsernamePassword -->
  <testcase classname="com.SalesForceApp.tests.Login.LoginTest" name="TestCase4A_ForgotPassword" time="0.0">
    <ignored/>
  </testcase> <!-- TestCase4A_ForgotPassword -->
  <testcase classname="com.SalesForceApp.tests.Login.LoginTest" name="TestCase1_BlankPassword" time="0.0">
    <ignored/>
  </testcase> <!-- TestCase1_BlankPassword -->
</testsuite>
