<?xml version="1.0" encoding="UTF-8"?>
<testng-results ignored="0" total="2" passed="2" failed="0" skipped="0">
  <reporter-output>
  </reporter-output>
  <suite started-at="2022-02-14T11:03:38 EST" name="SalesForceAutomationTestSuite" finished-at="2022-02-14T11:04:04 EST" duration-ms="26400">
    <groups>
      <group name="cucumber">
        <method signature="AbstractTestNGCucumberTests.runScenario(io.cucumber.testng.PickleWrapper,io.cucumber.testng.FeatureWrapper)[pri:0, instance:com.SalesForce.Runner.SalesForceRunner@18d87d80]" name="runScenario" class="io.cucumber.testng.AbstractTestNGCucumberTests"/>
      </group> <!-- cucumber -->
    </groups>
    <test started-at="2022-02-14T11:03:38 EST" name="Test" finished-at="2022-02-14T11:04:04 EST" duration-ms="26400">
      <class name="com.SalesForce.Runner.SalesForceRunner">
        <test-method is-config="true" signature="setUpClass(org.testng.ITestContext)[pri:0, instance:com.SalesForce.Runner.SalesForceRunner@18d87d80]" started-at="2022-02-14T11:03:38 EST" name="setUpClass" finished-at="2022-02-14T11:03:39 EST" duration-ms="468" status="PASS">
          <params>
            <param index="0">
              <value>
                <![CDATA[org.testng.TestRunner@73844119]]>
              </value>
            </param>
          </params>
          <reporter-output>
          </reporter-output>
        </test-method> <!-- setUpClass -->
        <test-method signature="runScenario(io.cucumber.testng.PickleWrapper,io.cucumber.testng.FeatureWrapper)[pri:0, instance:com.SalesForce.Runner.SalesForceRunner@18d87d80]" started-at="2022-02-14T11:03:39 EST" name="runScenario" description="Runs Cucumber Scenarios" data-provider="scenarios" finished-at="2022-02-14T11:03:58 EST" duration-ms="19123" status="PASS">
          <params>
            <param index="0">
              <value>
                <![CDATA["Login with valid username and valid password"]]>
              </value>
            </param>
            <param index="1">
              <value>
                <![CDATA["Optional[Login into SalesForce application]"]]>
              </value>
            </param>
          </params>
          <reporter-output>
          </reporter-output>
        </test-method> <!-- runScenario -->
        <test-method signature="runScenario(io.cucumber.testng.PickleWrapper,io.cucumber.testng.FeatureWrapper)[pri:0, instance:com.SalesForce.Runner.SalesForceRunner@18d87d80]" started-at="2022-02-14T11:03:58 EST" name="runScenario" description="Runs Cucumber Scenarios" data-provider="scenarios" finished-at="2022-02-14T11:04:04 EST" duration-ms="6599" status="PASS">
          <params>
            <param index="0">
              <value>
                <![CDATA["Login with valid username and Blank password"]]>
              </value>
            </param>
            <param index="1">
              <value>
                <![CDATA["Optional[Login into SalesForce application]"]]>
              </value>
            </param>
          </params>
          <reporter-output>
          </reporter-output>
        </test-method> <!-- runScenario -->
        <test-method is-config="true" signature="tearDownClass()[pri:0, instance:com.SalesForce.Runner.SalesForceRunner@18d87d80]" started-at="2022-02-14T11:04:04 EST" name="tearDownClass" finished-at="2022-02-14T11:04:04 EST" duration-ms="98" status="PASS">
          <reporter-output>
          </reporter-output>
        </test-method> <!-- tearDownClass -->
      </class> <!-- com.SalesForce.Runner.SalesForceRunner -->
    </test> <!-- Test -->
  </suite> <!-- SalesForceAutomationTestSuite -->
</testng-results>
