<?xml version="1.0" encoding="UTF-8"?>
<testng-results ignored="0" total="2" passed="2" failed="0" skipped="0">
  <reporter-output>
  </reporter-output>
  <suite started-at="2022-02-14T11:07:35 EST" name="Surefire suite" finished-at="2022-02-14T11:08:31 EST" duration-ms="56349">
    <groups>
      <group name="cucumber">
        <method signature="AbstractTestNGCucumberTests.runScenario(io.cucumber.testng.PickleWrapper, io.cucumber.testng.FeatureWrapper)[pri:0, instance:com.SalesForce.Runner.SalesForceRunner@619713e5]" name="runScenario" class="io.cucumber.testng.AbstractTestNGCucumberTests"/>
      </group> <!-- cucumber -->
    </groups>
    <test started-at="2022-02-14T11:07:35 EST" name="Surefire test" finished-at="2022-02-14T11:08:31 EST" duration-ms="56349">
      <class name="com.SalesForce.Runner.SalesForceRunner">
        <test-method is-config="true" signature="setUpClass(org.testng.ITestContext)[pri:0, instance:com.SalesForce.Runner.SalesForceRunner@619713e5]" started-at="2022-02-14T11:07:35 EST" name="setUpClass" finished-at="2022-02-14T11:07:35 EST" duration-ms="359" status="PASS">
          <params>
            <param index="0">
              <value>
                <![CDATA[org.testng.TestRunner@690bc15e]]>
              </value>
            </param>
          </params>
          <reporter-output>
          </reporter-output>
        </test-method> <!-- setUpClass -->
        <test-method signature="runScenario(io.cucumber.testng.PickleWrapper, io.cucumber.testng.FeatureWrapper)[pri:0, instance:com.SalesForce.Runner.SalesForceRunner@619713e5]" started-at="2022-02-14T11:07:35 EST" name="runScenario" description="Runs Cucumber Scenarios" data-provider="scenarios" finished-at="2022-02-14T11:08:24 EST" duration-ms="48348" status="PASS">
          <params>
            <param index="0">
              <value>
                <![CDATA["Login with valid username and valid password"]]>
              </value>
            </param>
            <param index="1">
              <value>
                <![CDATA["Optional[Login into SalesForce application]"]]>
              </value>
            </param>
          </params>
          <reporter-output>
          </reporter-output>
        </test-method> <!-- runScenario -->
        <test-method signature="runScenario(io.cucumber.testng.PickleWrapper, io.cucumber.testng.FeatureWrapper)[pri:0, instance:com.SalesForce.Runner.SalesForceRunner@619713e5]" started-at="2022-02-14T11:08:24 EST" name="runScenario" description="Runs Cucumber Scenarios" data-provider="scenarios" finished-at="2022-02-14T11:08:31 EST" duration-ms="7435" status="PASS">
          <params>
            <param index="0">
              <value>
                <![CDATA["Login with valid username and Blank password"]]>
              </value>
            </param>
            <param index="1">
              <value>
                <![CDATA["Optional[Login into SalesForce application]"]]>
              </value>
            </param>
          </params>
          <reporter-output>
          </reporter-output>
        </test-method> <!-- runScenario -->
        <test-method is-config="true" signature="tearDownClass()[pri:0, instance:com.SalesForce.Runner.SalesForceRunner@619713e5]" started-at="2022-02-14T11:08:31 EST" name="tearDownClass" finished-at="2022-02-14T11:08:31 EST" duration-ms="127" status="PASS">
          <reporter-output>
          </reporter-output>
        </test-method> <!-- tearDownClass -->
      </class> <!-- com.SalesForce.Runner.SalesForceRunner -->
    </test> <!-- Surefire test -->
  </suite> <!-- Surefire suite -->
</testng-results>
